Warmup Time has ended
Warmup Time has ended
State: [[ 8.052626   5.777565   5.5307755  0.9999998  0.9999998  6.368389
  17.073807 ]]
Twin state : [[ 9.926028   5.777565   5.5307755  0.9999998  0.9999998  6.368389
  17.073807 ]]
U system: 0.9999998211860657
U twin system: 0.9999998211860657
State: [[ 5.3972125   8.89215     8.54825     0.78657955  0.9999998  10.421725
   5.948373  ]]
Twin state : [[ 9.613708   8.89215    8.54825    0.9999998  0.9999998 11.752253
   5.948373 ]]
U system: 0.7865795493125916
U twin system: 0.9999998211860657
State: [[1.2660475e+00 4.7532406e+00 4.7532406e+00 9.9999982e-09 9.9999982e-01
  2.9999994e+02 1.6837770e+01]]
Twin state : [[ 9.067101   4.7532406  4.3713937  0.9999998  0.9999998 18.196198
  18.179527 ]]
U system: 9.999998162868451e-09
U twin system: 0.9999998211860657
State: [[11.644465   10.993059   10.80306     0.87397724  0.5783689  16.494337
  19.387112  ]]
Twin state : [[12.364946  10.993059  10.72206    0.9999998  0.9999998  8.551039
  10.414316 ]]
U system: 0.5783689022064209
U twin system: 0.9999998211860657
State: [[12.547651  15.135665  14.864665   0.9999998  0.6350512 14.499238
  10.414316 ]]
Twin state : [[12.052052  15.135665  14.864665   0.9999998  0.9999998 12.151424
  12.252119 ]]
U system: 0.9999998211860657
U twin system: 0.9999998211860657
State: [[10.9126    15.69808   15.59808    0.9999998  0.9999998 10.584055
  12.622693 ]]
Twin state : [[11.421629  15.69808   15.59808    0.9999998  0.9999998  6.4481
  15.734199 ]]
U system: 0.9999998211860657
U twin system: 0.9999998211860657
State: [[ 8.42163   41.216244  40.945244   0.9999998  0.9999998  5.8975406
  17.964243 ]]
Twin state : [[ 9.9126005 41.216244  40.945244   0.9999998  0.9999998 18.136486
  12.867017 ]]
U system: 0.9999998211860657
U twin system: 0.9999998211860657
State: [[  6.142154  299.99994   299.99994     0.9999998   0.9999998  15.374561
   12.867017 ]]
Twin state : [[  8.052626  299.99994   299.99994     0.9999998   0.9999998   3.3935058
   11.385143 ]]
U system: 0.9999998211860657
U twin system: 0.9999998211860657
State: [[ 9.214302  19.731596  19.484808   0.9999998  0.9999998  8.988757
  11.385143 ]]
Twin state : [[ 6.873976   19.731596   19.568497    0.87397724  0.9999998  11.523621
  11.470631  ]]
U system: 0.9999998211860657
U twin system: 0.8739772439002991
State: [[ 8.42163    5.249369   5.050468   0.9999998  0.9999998  9.321885
  11.470631 ]]
Twin state : [[ 9.416215   5.249369   5.050468   0.9999998  0.9999998 11.129657
   7.0105085]]
U system: 0.9999998211860657
U twin system: 0.9999998211860657
State: [[ 5.7558637  3.0692387  2.7697654  0.5945013  0.9999998 10.431366
   7.0105085]]
Twin state : [[ 9.542917   3.0692387  2.6781633  0.9999998  0.9999998 10.007176
   7.883344 ]]
U system: 0.5945013165473938
U twin system: 0.9999998211860657
State: [[2.1421547e+00 1.1095781e+01 1.1095781e+01 9.9999982e-09 9.9999982e-01
  2.9999994e+02 7.7261276e+00]]
Twin state : [[13.380505  11.095781  10.802992   0.9999998  0.9999998 14.089755
  16.909124 ]]
U system: 9.999998162868451e-09
U twin system: 0.9999998211860657
State: [[13.109659   13.128805   13.028806    0.87397724  0.5783689  10.378343
  13.230352  ]]
Twin state : [[13.573157  13.128805  12.938807   0.9999998  0.9999998  5.7511325
   7.091789 ]]
U system: 0.5783689022064209
U twin system: 0.9999998211860657
State: [[14.421628   7.4238963  7.323896   0.9999998  0.9999998 13.762584
  14.414558 ]]
Twin state : [[12.447135   7.4238963  7.323896   0.9999998  0.9999998 10.950223
   9.429858 ]]
U system: 0.9999998211860657
U twin system: 0.9999998211860657
State: [[11.22434   13.818622  13.718621   0.9999998  0.8079216  9.453167
   7.9158483]]
Twin state : [[11.129034  13.818622  13.718621   0.9999998  0.9999998 14.238565
   7.526263 ]]
U system: 0.9999998211860657
U twin system: 0.9999998211860657
State: [[7.6106324 7.999032  7.849309  0.9999998 0.5945013 9.309147  8.853634 ]]
Twin state : [[10.747952    7.999032    7.849309    0.9999998   0.67154604 18.893923
  11.127318  ]]
U system: 0.9999998211860657
U twin system: 0.9999998211860657
State: [[ 4.9947896  18.202526   17.893156    0.9999998   0.78657955 11.168959
   7.526263  ]]
Twin state : [[10.896468  18.202526  17.893156   0.9999998  0.9999998  9.098968
  18.898169 ]]
U system: 0.9999998211860657
U twin system: 0.9999998211860657
State: [[ 1.6876783   6.977313    6.6488657   0.9999998   0.42163092 19.487593
  11.127318  ]]
Twin state : [[12.216494   6.977313   6.6488657  0.9999998  0.9999998  8.095438
  18.008379 ]]
U system: 0.9999998211860657
U twin system: 0.9999998211860657
State: [[4.2163092e-01 2.0772818e+01 2.0772818e+01 9.9999982e-09 4.2163092e-01
  2.9999994e+02 2.9999994e+02]]
Twin state : [[13.328451  20.772818  20.582817   0.9999998  0.9999998  7.4025207
  15.994259 ]]
U system: 9.999998162868451e-09
U twin system: 0.9999998211860657
State: [[ 6.991818   13.760022   13.660022    0.87397724  0.40549847  9.988902
  19.34446   ]]
Twin state : [[13.188426  13.760022  13.570023   0.9999998  0.9999998  9.341353
  14.358459 ]]
U system: 0.4054984748363495
U twin system: 0.9999998211860657
State: [[ 7.2660465  2.8461847  2.7461848  0.9999998  0.9999998 10.787698
  18.078606 ]]
Twin state : [[15.999726   2.8461847  2.7461848  0.9999998  0.9999998  7.0556784
   8.422217 ]]
U system: 0.9999998211860657
U twin system: 0.9999998211860657
State: [[ 5.42163     5.024506    4.862843    0.26604757  0.9999998   1.2540276
  18.283678  ]]
Twin state : [[16.737024   5.024506   4.713703   0.9999998  0.9999998 11.425772
   6.989792 ]]
U system: 0.9999998211860657
U twin system: 0.9999998211860657
State: [[3.72052312e+00 5.37120199e+00 5.37120199e+00 9.99999816e-09
  9.99999821e-01 2.99999939e+02 1.57306385e+01]]
Twin state : [[19.062403   5.371202   5.2081027  0.9999998  0.9999998 10.344283
  13.5352545]]
U system: 9.999998162868451e-09
U twin system: 0.9999998211860657
State: [[18.731592   47.89891    47.55501     0.87397724  0.9999998  18.049517
   8.020302  ]]
Twin state : [[16.654465  47.89891   47.489403   0.9999998  0.9999998 13.367785
   9.334905 ]]
U system: 0.8739772439002991
U twin system: 0.9999998211860657
State: [[ 20.421627  299.99994   299.99994     0.9999998   0.7339522   5.8813205
   11.011166 ]]
Twin state : [[ 15.266046  299.99994   299.99994     0.9999998   0.9999998  10.554961
   13.498518 ]]
U system: 0.7339522242546082
U twin system: 0.9999998211860657
State: [[26.448792   9.230613   9.005107   0.9999998  0.9999998  7.1043816
   8.527011 ]]
Twin state : [[15.68491    9.230613   9.005107   0.9999998  0.9999998 13.437988
   4.299405 ]]
U system: 0.9999998211860657
U twin system: 0.9999998211860657
State: [[25.994785   7.864514   7.6745133  0.9999998  0.9999998 11.432715
   9.838841 ]]
Twin state : [[13.886052   7.864514   7.6745133  0.9999998  0.9999998 12.622203
   4.9675307]]
U system: 0.9999998211860657
U twin system: 0.9999998211860657
State: [[22.687675  34.02825   33.75725    0.9999998  0.9999998 10.344283
  13.041567 ]]
Twin state : [[ 9.252043  34.02825   33.75725    0.9999998  0.3394428 11.8546095
   6.8050714]]
U system: 0.9999998211860657
U twin system: 0.9999998211860657
State: [[20.189      7.7728424  7.5380907  0.9999998  0.9999998 13.367785
  11.20293  ]]
Twin state : [[10.091045    7.7728424   7.5380907   0.9999998   0.67154604 11.01403
   7.887566  ]]
U system: 0.9999998211860657
U twin system: 0.9999998211860657
State: [[16.161934   6.0190473  5.6337857  0.9999998  0.8271294 10.554961
   4.299405 ]]
Twin state : [[10.823478   6.0190473  5.6337857  0.9999998  0.5945013 16.830667
   9.724001 ]]
U system: 0.9999998211860657
U twin system: 0.9999998211860657
State: [[12.1208105  10.242354   10.052356    0.9999998   0.61370915 13.437988
   4.6478734 ]]
Twin state : [[13.594499   10.242354   10.052356    0.9999998   0.43891796 14.94738
   6.022999  ]]
U system: 0.9999998211860657
U twin system: 0.9999998211860657
State: [[ 9.594501   13.621419   13.47405     0.9999998   0.38629067  9.575705
   5.3368344 ]]
Twin state : [[13.73395   13.621419  13.47405    0.9999998  0.7043914 14.465711
  19.003927 ]]
U system: 0.9999998211860657
U twin system: 0.7043914198875427
State: [[ 7.052626    5.2689104   5.0789104   0.9999998   0.14002505 13.433768
   2.2984035 ]]
Twin state : [[16.061829    5.2689104   5.0789104   0.9999998   0.84441644 12.529748
  12.279743  ]]
U system: 0.9999998211860657
U twin system: 0.9999998211860657
State: [[ 5.0161314  3.5046363  3.4046364  0.9999998  0.6818991 11.514055
   9.867406 ]]
Twin state : [[19.386017   3.5046363  3.4046364  0.9999998  0.8079216 11.7996235
  10.177491 ]]
U system: 0.9999998211860657
U twin system: 0.9999998211860657
State: [[ 2.8605485 18.66071   18.34102    0.9999998  0.9999998 15.197158
   8.821684 ]]
Twin state : [[18.959448  18.66071   18.34102    0.9999998  0.9999998  9.624336
  12.20715  ]]
U system: 0.9999998211860657
U twin system: 0.9999998211860657
State: [[ 0.9999998  10.715452   10.476942    0.67154604  0.32845378 15.685297
  11.266964  ]]
Twin state : [[18.056679  10.715452  10.305943   0.9999998  0.9999998  6.8050733
  10.25668  ]]
U system: 0.6715460419654846
U twin system: 0.9999998211860657
State: [[2.6604757e-01 2.2582619e+00 2.1764808e+00 1.2602253e-01 1.4002505e-01
  2.9999994e+02 4.6515665e+00]]
Twin state : [[24.208519   2.258262   1.9942923  0.9999998  0.9999998  8.528099
   6.8751764]]
U system: 0.12602253258228302
U twin system: 0.9999998211860657
State: [[0.0000000e+00 6.9410510e+00 6.9410510e+00 9.9999982e-09 9.9999982e-09
  2.9999994e+02 2.9999994e+02]]
Twin state : [[27.186869   6.941051   6.7779517  0.9999998  0.9999998 12.717111
  11.833523 ]]
U system: 9.999998162868451e-09
U twin system: 0.9999998211860657
State: [[27.967272   21.772408   21.772408    0.87397724  0.36494866 14.47234
  13.439729  ]]
Twin state : [[25.890106  21.772408  21.67241    0.9999998  0.9999998  8.803185
   8.713086 ]]
U system: 0.8739772439002991
U twin system: 0.9999998211860657
State: [[31.381075    9.630301    9.338104    0.9999998   0.78657955 14.593475
  11.481019  ]]
Twin state : [[25.861124   9.630301   9.338104   0.9999998  0.9999998 18.23472
  16.184479 ]]
U system: 0.9999998211860657
U twin system: 0.9999998211860657
State: [[29.594496   5.6571426  5.429561   0.9999998  0.9999998 12.873949
  13.645563 ]]
Twin state : [[27.593924   5.6571426  5.429561   0.9999998  0.9999998  9.199184
   8.629642 ]]
U system: 0.9999998211860657
U twin system: 0.9999998211860657
State: [[27.03862    6.927003   6.692251   0.9999998  0.8599748  8.962716
  11.139303 ]]
Twin state : [[28.980577   6.927003   6.692251   0.9999998  0.9999998  9.217642
  18.828869 ]]
U system: 0.8599748015403748
U twin system: 0.9999998211860657
State: [[ 24.532091  299.99994   299.99994     0.9999998   0.9999998   9.160693
    8.374851 ]]
Twin state : [[ 28.720518  299.99994   299.99994     0.9999998   0.9999998  14.824277
   12.197858 ]]
U system: 0.9999998211860657
U twin system: 0.9999998211860657
State: [[21.266045  28.75077   28.4414     0.9999998  0.9999998  8.782177
  12.778932 ]]
Twin state : [[25.879753  28.75077   28.4414     0.9999998  0.9999998 13.7984705
   7.4114957]]
U system: 0.9999998211860657
U twin system: 0.9999998211860657
State: [[17.740303  34.195755  33.786247   0.9999998  0.9999998  8.596629
   8.234217 ]]
Twin state : [[23.74551    34.195755   33.786247    0.9999998   0.67154604 12.761562
   6.7888756 ]]
U system: 0.9999998211860657
U twin system: 0.9999998211860657
State: [[14.860547   9.235328   8.825818   0.9999998  0.9999998 13.274111
   9.250086 ]]
Twin state : [[22.76628    9.235328   8.825818   0.9999998  0.7043914  9.668408
  17.48398  ]]
U system: 0.9999998211860657
U twin system: 0.7043914198875427
State: [[11.720522  12.648105  12.338737   0.9999998  0.9999998 11.234446
  14.079884 ]]
Twin state : [[24.151524  12.648105  12.338737   0.9999998  0.9999998  7.9903502
   5.9681835]]
U system: 0.9999998211860657
U twin system: 0.9999998211860657
State: [[ 9.507102  29.394638  29.05074    0.9999998  0.9999998  9.56169
   7.614101 ]]
Twin state : [[22.126019  29.394638  29.05074    0.9999998  0.9999998 14.300191
  13.476921 ]]
U system: 0.9999998211860657
U twin system: 0.9999998211860657
State: [[ 5.720523   6.993401   6.743951   0.9999998  0.9999998 12.917962
  14.862436 ]]
Twin state : [[24.17686    6.993401   6.743951   0.9999998  0.9999998 10.226771
   7.4850893]]
U system: 0.9999998211860657
U twin system: 0.9999998211860657
State: [[ 3.5945008 15.868396  15.597395   0.5945013  0.9999998  2.6593432
  15.97207  ]]
Twin state : [[22.757015   15.868396   15.597395    0.9999998   0.49097115  9.559343
  10.465527  ]]
U system: 0.9999998211860657
U twin system: 0.4909711480140686
State: [[ 6.4959083  10.912459   10.69257     0.87397724  0.9999998  12.355716
   6.1139894 ]]
Twin state : [[23.139448  10.912459  10.614559   0.9999998  0.9999998 12.477468
  19.971714 ]]
U system: 0.8739772439002991
U twin system: 0.9999998211860657
State: [[ 5.5476522   3.1891098   2.9988215   0.9999998   0.49502614 13.7984705
  11.398434  ]]
Twin state : [[30.78516    3.1891098  2.9988215  0.9999998  0.9999998  9.748179
  11.827459 ]]
U system: 0.9999998211860657
U twin system: 0.9999998211860657
State: [[ 3.5320945  38.853493   38.384933    0.9999998   0.67154604 12.761562
   6.7888756 ]]
Twin state : [[29.986567  38.853493  38.384933   0.9999998  0.9999998  9.28889
  12.147239 ]]
U system: 0.9999998211860657
U twin system: 0.9999998211860657
State: [[  1.2660475  299.99994    299.99994      0.42163092   0.84441644
  299.99994     17.913351  ]]
Twin state : [[ 28.53209   299.99994   299.99994     0.9999998   0.9999998   9.859872
    8.395326 ]]
U system: 0.4216309189796448
U twin system: 0.9999998211860657
State: [[10.487728   13.727761   13.514208    0.87397724  0.7339522   8.56273
   6.617349  ]]
Twin state : [[27.361294  13.727761  13.435562   0.9999998  0.9999998  9.6030245
   9.764516 ]]
U system: 0.8739772439002991
U twin system: 0.9999998211860657
State: [[ 11.594499   299.99994    299.99994      0.9999998    0.87397724
   12.258894    14.228277  ]]
Twin state : [[ 26.208206  299.99994   299.99994     0.9999998   0.9999998   9.308297
    8.394965 ]]
U system: 0.8739772439002991
U twin system: 0.9999998211860657
State: [[ 9.547652   8.751571   8.366308   0.9999998  0.9999998 12.2495165
  14.765658 ]]
Twin state : [[23.28333    8.751571   8.366308   0.9999998  0.9999998  9.068265
   8.588626 ]]
U system: 0.9999998211860657
U twin system: 0.9999998211860657
State: [[6.408201  7.654146  7.264247  0.9999998 0.8079216 9.518931  3.614401 ]]
Twin state : [[25.426836   7.654146   7.264247   0.9999998  0.9999998 12.010954
  15.071629 ]]
U system: 0.9999998211860657
U twin system: 0.9999998211860657
State: [[ 3.4216304  6.884587   6.537062   0.9999998  0.7011069 13.55794
  14.527105 ]]
Twin state : [[27.178076   6.884587   6.537062   0.9999998  0.9999998 14.935138
  17.57198  ]]
U system: 0.7011069059371948
U twin system: 0.9999998211860657
State: [[  2.2660472    4.8282866    4.5572867    0.42163092   0.9999998
  299.99994     19.5911    ]]
Twin state : [[28.855915   4.8282866  4.5572867  0.9999998  0.9999998 16.371408
   6.616594 ]]
U system: 0.4216309189796448
U twin system: 0.9999998211860657
State: [[15.8576145  24.27317    24.27317     0.87397724  0.78657955  9.632911
   7.945377  ]]
Twin state : [[27.421625  24.27317   24.17317    0.9999998  0.9999998  9.529278
  11.915779 ]]
U system: 0.8739772439002991
U twin system: 0.9999998211860657
State: [[17.421627  12.177603  12.0145035  0.9999998  0.9999998  7.842731
  17.293486 ]]
Twin state : [[27.592365  12.177603  12.0145035  0.9999998  0.9999998  9.922872
  12.753231 ]]
U system: 0.9999998211860657
U twin system: 0.9999998211860657
State: [[15.038622  22.126368  21.751387   0.9999998  0.9999998 15.228322
  10.99376  ]]
Twin state : [[25.959446  22.126368  21.751387   0.9999998  0.9999998 16.078844
   6.2934175]]
U system: 0.9999998211860657
U twin system: 0.9999998211860657
State: [[11.629839   4.19842    4.00842    0.9999998  0.9999998  6.114872
   7.7290115]]
Twin state : [[25.32845     4.19842     4.00842     0.9999998   0.84441644 11.475973
  12.120523  ]]
U system: 0.9999998211860657
U twin system: 0.8444164395332336
State: [[ 8.4742565 10.956456  10.685456   0.9999998  0.9999998 12.137027
   8.394965 ]]
Twin state : [[24.913752  10.956456  10.685456   0.9999998  0.6309962  9.3428335
   7.95933  ]]
U system: 0.9999998211860657
U twin system: 0.9999998211860657
State: [[3.7996979 6.655195  6.4204445 0.9999998 0.8599748 7.45232   8.588626 ]]
Twin state : [[26.083338   6.655195   6.4204445  0.9999998  0.8271294 10.934154
   4.332546 ]]
U system: 0.8599748015403748
U twin system: 0.9999998211860657
State: [[1.4216307e+00 9.6467619e+00 9.6467619e+00 9.9999982e-09 9.9999982e-01
  2.9999994e+02 1.3372602e+01]]
Twin state : [[26.00307    9.646762   9.302862   0.9999998  0.7339522  9.417035
  14.184062 ]]
U system: 9.999998162868451e-09
U twin system: 0.7339522242546082
State: [[40.202953    7.6364384   7.422886    0.87397724  0.5783689  12.309428
  17.111925  ]]
Twin state : [[27.638123   7.6364384  7.344241   0.9999998  0.9999998  6.391162
  13.715834 ]]
U system: 0.5783689022064209
U twin system: 0.9999998211860657
State: [[45.594494   4.1928945  3.9218943  0.9999998  0.9999998 14.935138
   9.331994 ]]
Twin state : [[30.10005    4.1928945  3.9218943  0.9999998  0.9999998  6.455934
   8.967824 ]]
U system: 0.9999998211860657
U twin system: 0.9999998211860657
State: [[42.53209   13.470589  13.00203    0.9999998  0.4794678 16.371408
   4.417119 ]]
Twin state : [[29.699177  13.470589  13.00203    0.9999998  0.9999998 12.548542
  11.041061 ]]
U system: 0.9999998211860657
U twin system: 0.9999998211860657
State: [[40.594494   2.7505715  2.5045226  0.9999998  0.7339522  9.529278
  11.948407 ]]
Twin state : [[34.3413     2.7505715  2.5045226  0.9999998  0.9999998 14.995339
  13.246641 ]]
U system: 0.7339522242546082
U twin system: 0.9999998211860657
State: [[38.547646   3.3317971  2.97058    0.9999998  0.9999998 17.26316
  14.466013 ]]
Twin state : [[38.390923   3.3317971  2.97058    0.9999998  0.9999998 10.752279
  17.442362 ]]
U system: 0.9999998211860657
U twin system: 0.9999998211860657
State: [[36.03862   11.324708  10.980808   0.9999998  0.9999998 11.923565
   8.444497 ]]
Twin state : [[42.43891   11.324708  10.980808   0.9999998  0.9999998 10.178716
   5.4361176]]
U system: 0.9999998211860657
U twin system: 0.9999998211860657
State: [[ 32.474255  299.99994   299.99994     0.9999998   0.8271294   7.288117
   10.346966 ]]
Twin state : [[ 39.720516  299.99994   299.99994     0.9999998   0.9999998  11.548363
   11.042412 ]]
U system: 0.8271294236183167
U twin system: 0.9999998211860657
State: [[29.843256  11.063064  10.892141   0.9999998  0.8271294 15.387937
   4.711618 ]]
Twin state : [[40.08005   11.063064  10.892141   0.9999998  0.9999998 15.83712
   7.190161 ]]
U system: 0.9999998211860657
U twin system: 0.9999998211860657
State: [[27.381075   18.560701   18.092142    0.9999998   0.66055703 10.00144
   6.2786045 ]]
Twin state : [[37.72052   18.560701  18.092142   0.9999998  0.9999998 13.126348
   9.547363 ]]
U system: 0.9999998211860657
U twin system: 0.9999998211860657
State: [[24.126019   3.4117804  3.1089332  0.9999998  0.7043914  9.417035
  14.184062 ]]
Twin state : [[39.600857   3.4117804  3.1089332  0.9999998  0.9999998 15.964286
   6.8143706]]
U system: 0.7043914198875427
U twin system: 0.9999998211860657
State: [[22.016129   5.1497793  4.910869   0.9999998  0.9999998  4.5620637
  12.7484865]]
Twin state : [[45.15379    5.1497793  4.910869   0.9999998  0.4684788 14.614689
   5.0965586]]
U system: 0.9999998211860657
U twin system: 0.9999998211860657
State: [[20.052624   2.4335673  2.1625671  0.9999998  0.9999998  7.8795767
  12.687192 ]]
Twin state : [[48.486336    2.4335673   2.1625671   0.9999998   0.38629067 13.534186
  10.564589  ]]
U system: 0.9999998211860657
U twin system: 0.9999998211860657
State: [[17.392067  21.31716   20.8486     0.9999998  0.9999998  9.703681
   9.793935 ]]
Twin state : [[49.01612   21.31716   20.8486     0.9999998  0.5945013 19.420902
   7.7436466]]
U system: 0.9999998211860657
U twin system: 0.9999998211860657
State: [[14.33423    8.684769   8.294869   0.9999998  0.9999998 15.53722
  12.788937 ]]
Twin state : [[50.077038   8.684769   8.294869   0.9999998  0.7183939  9.818457
  12.512703 ]]
U system: 0.9999998211860657
U twin system: 0.7183939218521118
State: [[12.266046   8.029479   7.619969   0.9999998  0.9999998 11.751161
  17.442362 ]]
Twin state : [[51.061882   8.029479   7.619969   0.9999998  0.9999998 15.467415
  12.988838 ]]
U system: 0.9999998211860657
U twin system: 0.9999998211860657
State: [[ 9.802711   4.0675836  3.7236838  0.9999998  0.9999998 10.178716
   6.3193774]]
Twin state : [[52.88803    4.0675836  3.7236838  0.9999998  0.9999998 10.015444
   9.391023 ]]
U system: 0.9999998211860657
U twin system: 0.9999998211860657
State: [[5.4602547e+00 7.7082295e+00 7.6022077e+00 2.6604757e-01 9.9999982e-01
  2.9999994e+02 8.0507221e+00]]
Twin state : [[56.548527   7.7082295  7.5182295  0.9999998  0.9999998 12.657446
  12.062466 ]]
U system: 0.26604756712913513
U twin system: 0.9999998211860657
State: [[2.5476530e+00 1.0720469e+01 1.0720469e+01 9.9999982e-09 9.9999982e-01
  2.9999994e+02 1.4335829e+01]]
Twin state : [[56.068176  10.720469  10.33517    0.9999998  0.9999998  9.093948
  10.25352  ]]
U system: 9.999998162868451e-09
U twin system: 0.9999998211860657
State: [[ 8.117841    6.0098476   5.7662444   0.87397724  0.7043914  11.548363
   8.490498  ]]
Twin state : [[58.226067   6.0098476  5.6906047  0.9999998  0.9999998 13.7671995
  17.736149 ]]
U system: 0.8739772439002991
U twin system: 0.9999998211860657
State: [[ 7.6471276   3.0082612   2.7185476   0.9999998   0.78657955 15.83712
   5.9306526 ]]
Twin state : [[63.653214   3.0082612  2.7185476  0.9999998  0.9999998  9.167901
  10.991685 ]]
U system: 0.9999998211860657
U twin system: 0.9999998211860657
State: [[ 5.20821    19.618408   19.27451     0.9999998   0.34766158 13.126348
   5.6002345 ]]
Twin state : [[65.999985  19.618408  19.27451    0.9999998  0.9999998  8.080677
  18.048702 ]]
U system: 0.9999998211860657
U twin system: 0.9999998211860657
State: [[ 2.7865794   5.0915637   4.73536     0.9999998   0.36494866 15.964286
   9.775648  ]]
Twin state : [[67.37207    5.0915637  4.73536    0.9999998  0.9999998  8.030698
  12.823126 ]]
U system: 0.9999998211860657
U twin system: 0.9999998211860657
State: [[ 1.0161322  22.418575   22.345676    0.12602253  0.4684788   3.1595368
   7.608415  ]]
Twin state : [[69.0636    22.418575  22.074675   0.9999998  0.9999998 15.307672
   9.405197 ]]
U system: 0.468478798866272
U twin system: 0.9999998211860657
State: [[0.0000000e+00 2.7899020e+00 2.7899020e+00 9.9999982e-09 9.9999982e-09
  2.9999994e+02 2.9999994e+02]]
Twin state : [[68.33314    2.789902   2.4117513  0.9999998  0.9999998 14.846951
   8.9477005]]
U system: 9.999998162868451e-09
U twin system: 0.9999998211860657
State: [[0.0000000e+00 2.0016239e+00 2.0016239e+00 9.9999982e-09 9.9999982e-09
  2.9999994e+02 2.9999994e+02]]
Twin state : [[78.65592    2.0016239  1.7323161  0.9999998  0.9999998 10.9875145
   9.82934  ]]
U system: 9.999998162868451e-09
U twin system: 0.9999998211860657
State: [[0.0000000e+00 6.1941071e+00 6.1941071e+00 9.9999982e-09 9.9999982e-09
  2.9999994e+02 2.9999994e+02]]
Twin state : [[82.20299    6.194107   5.880944   0.9999998  0.9999998  6.3915977
   9.368596 ]]
U system: 9.999998162868451e-09
U twin system: 0.9999998211860657
State: [[ 8.739773   28.38784    27.97833     0.87397724  0.19207823 19.498201
   0.80128354]]
Twin state : [[82.64711   28.38784   27.919281   0.9999998  0.9999998  7.935334
   7.804198 ]]
U system: 0.8739772439002991
U twin system: 0.9999998211860657
State: [[ 9.421629   4.0832524  3.836463   0.9999998  0.5610818 13.534186
  10.564589 ]]
Twin state : [[82.282745   4.0832524  3.836463   0.9999998  0.9999998 13.683417
  14.636293 ]]
U system: 0.9999998211860657
U twin system: 0.9999998211860657
State: [[ 7.687677  14.32325   13.95514    0.9999998  0.6350512 15.375314
   7.3220477]]
Twin state : [[82.19206   14.32325   13.95514    0.9999998  0.9999998 18.389324
  10.178184 ]]
U system: 0.9999998211860657
U twin system: 0.9999998211860657
State: [[ 5.912601   4.791708   4.578546   0.9999998  0.8599748  9.303092
  14.887322 ]]
Twin state : [[84.854546   4.791708   4.578546   0.9999998  0.9999998 13.595996
  17.816862 ]]
U system: 0.8599748015403748
U twin system: 0.9999998211860657
State: [[ 4.0526266 33.89919   33.48968    0.9999998  0.9999998 15.467415
  12.988838 ]]
Twin state : [[84.93392   33.89919   33.48968    0.9999998  0.9999998  9.454244
  10.535005 ]]
U system: 0.9999998211860657
U twin system: 0.9999998211860657
State: [[1.3342330e+00 8.8294773e+00 8.7592669e+00 1.2602253e-01 7.8657955e-01
  2.9999994e+02 1.0896447e+01]]
Twin state : [[83.91779    8.829477   8.461367   0.9999998  0.9999998  9.940657
  16.643745 ]]
U system: 0.12602253258228302
U twin system: 0.9999998211860657
Simulation Finished
